<?xml version="1.0" encoding="UTF-8"?>
<testsuite xmlns:xsi="http://www.w3.org/2001/XMLSchema-instance" xsi:noNamespaceSchemaLocation="https://maven.apache.org/surefire/maven-surefire-plugin/xsd/surefire-test-report.xsd" name="org.apache.nifi.processors.WriteResourceToStreamTest" time="0.059" tests="1" errors="1" skipped="0" failures="0">
  <properties>
    <property name="sun.desktop" value="windows"/>
    <property name="awt.toolkit" value="sun.awt.windows.WToolkit"/>
    <property name="file.encoding.pkg" value="sun.io"/>
    <property name="java.specification.version" value="1.8"/>
    <property name="sun.cpu.isalist" value="amd64"/>
    <property name="sun.jnu.encoding" value="GBK"/>
    <property name="java.class.path" value="E:\Apache-Nifi\nifi-JsonProcessor-bundle\gcc-nifi-JsonProcessor-processors\target\test-classes;E:\Apache-Nifi\nifi-JsonProcessor-bundle\gcc-nifi-JsonProcessor-processors\target\classes;D:\apache-maven-3.6.1\jars\org\apache\nifi\nifi-api\1.13.2\nifi-api-1.13.2.jar;D:\apache-maven-3.6.1\jars\org\apache\nifi\nifi-processor-utils\1.13.2\nifi-processor-utils-1.13.2.jar;D:\apache-maven-3.6.1\jars\org\apache\nifi\nifi-utils\1.13.2\nifi-utils-1.13.2.jar;D:\apache-maven-3.6.1\jars\org\apache\nifi\nifi-security-utils\1.13.2\nifi-security-utils-1.13.2.jar;D:\apache-maven-3.6.1\jars\org\apache\nifi\nifi-security-utils-api\1.13.2\nifi-security-utils-api-1.13.2.jar;D:\apache-maven-3.6.1\jars\org\apache\commons\commons-lang3\3.9\commons-lang3-3.9.jar;D:\apache-maven-3.6.1\jars\commons-codec\commons-codec\1.14\commons-codec-1.14.jar;D:\apache-maven-3.6.1\jars\org\bouncycastle\bcprov-jdk15on\1.68\bcprov-jdk15on-1.68.jar;D:\apache-maven-3.6.1\jars\org\bouncycastle\bcpkix-jdk15on\1.68\bcpkix-jdk15on-1.68.jar;D:\apache-maven-3.6.1\jars\org\apache\nifi\nifi-properties\1.13.2\nifi-properties-1.13.2.jar;D:\apache-maven-3.6.1\jars\at\favre\lib\bcrypt\0.9.0\bcrypt-0.9.0.jar;D:\apache-maven-3.6.1\jars\at\favre\lib\bytes\1.3.0\bytes-1.3.0.jar;D:\apache-maven-3.6.1\jars\org\apache\commons\commons-configuration2\2.7\commons-configuration2-2.7.jar;D:\apache-maven-3.6.1\jars\com\fasterxml\jackson\core\jackson-databind\2.9.10.8\jackson-databind-2.9.10.8.jar;D:\apache-maven-3.6.1\jars\com\fasterxml\jackson\core\jackson-annotations\2.9.10\jackson-annotations-2.9.10.jar;D:\apache-maven-3.6.1\jars\com\fasterxml\jackson\core\jackson-core\2.9.10\jackson-core-2.9.10.jar;D:\apache-maven-3.6.1\jars\org\apache\nifi\nifi-record-serialization-service-api\1.13.2\nifi-record-serialization-service-api-1.13.2.jar;D:\apache-maven-3.6.1\jars\org\apache\nifi\nifi-record\1.13.2\nifi-record-1.13.2.jar;D:\apache-maven-3.6.1\jars\org\apache\nifi\nifi-mock\1.13.2\nifi-mock-1.13.2.jar;D:\apache-maven-3.6.1\jars\org\apache\nifi\nifi-framework-api\1.13.2\nifi-framework-api-1.13.2.jar;D:\apache-maven-3.6.1\jars\org\apache\nifi\nifi-parameter\1.13.2\nifi-parameter-1.13.2.jar;D:\apache-maven-3.6.1\jars\org\apache\nifi\nifi-framework-core-api\1.13.2\nifi-framework-core-api-1.13.2.jar;D:\apache-maven-3.6.1\jars\org\apache\nifi\nifi-framework-nar-utils\1.13.2\nifi-framework-nar-utils-1.13.2.jar;D:\apache-maven-3.6.1\jars\org\apache\nifi\nifi-client-dto\1.13.2\nifi-client-dto-1.13.2.jar;D:\apache-maven-3.6.1\jars\io\swagger\swagger-annotations\1.6.0\swagger-annotations-1.6.0.jar;D:\apache-maven-3.6.1\jars\org\apache\nifi\nifi-site-to-site-client\1.13.2\nifi-site-to-site-client-1.13.2.jar;D:\apache-maven-3.6.1\jars\org\apache\httpcomponents\httpclient\4.5.5\httpclient-4.5.5.jar;D:\apache-maven-3.6.1\jars\org\apache\httpcomponents\httpcore\4.4.9\httpcore-4.4.9.jar;D:\apache-maven-3.6.1\jars\org\apache\httpcomponents\httpasyncclient\4.1.4\httpasyncclient-4.1.4.jar;D:\apache-maven-3.6.1\jars\org\apache\httpcomponents\httpcore-nio\4.4.10\httpcore-nio-4.4.10.jar;D:\apache-maven-3.6.1\jars\org\apache\nifi\nifi-framework-authorization\1.13.2\nifi-framework-authorization-1.13.2.jar;D:\apache-maven-3.6.1\jars\org\apache\nifi\registry\nifi-registry-data-model\0.8.0\nifi-registry-data-model-0.8.0.jar;D:\apache-maven-3.6.1\jars\javax\validation\validation-api\2.0.1.Final\validation-api-2.0.1.Final.jar;D:\apache-maven-3.6.1\jars\javax\ws\rs\javax.ws.rs-api\2.1\javax.ws.rs-api-2.1.jar;D:\apache-maven-3.6.1\jars\org\apache\nifi\registry\nifi-registry-revision-entity-model\0.8.0\nifi-registry-revision-entity-model-0.8.0.jar;D:\apache-maven-3.6.1\jars\org\apache\nifi\registry\nifi-registry-client\0.8.0\nifi-registry-client-0.8.0.jar;D:\apache-maven-3.6.1\jars\org\apache\nifi\registry\nifi-registry-security-utils\0.8.0\nifi-registry-security-utils-0.8.0.jar;D:\apache-maven-3.6.1\jars\org\glassfish\jersey\core\jersey-client\2.28\jersey-client-2.28.jar;D:\apache-maven-3.6.1\jars\jakarta\ws\rs\jakarta.ws.rs-api\2.1.5\jakarta.ws.rs-api-2.1.5.jar;D:\apache-maven-3.6.1\jars\org\glassfish\hk2\external\jakarta.inject\2.5.0\jakarta.inject-2.5.0.jar;D:\apache-maven-3.6.1\jars\org\glassfish\jersey\media\jersey-media-json-jackson\2.28\jersey-media-json-jackson-2.28.jar;D:\apache-maven-3.6.1\jars\org\glassfish\jersey\ext\jersey-entity-filtering\2.28\jersey-entity-filtering-2.28.jar;D:\apache-maven-3.6.1\jars\com\fasterxml\jackson\module\jackson-module-jaxb-annotations\2.9.8\jackson-module-jaxb-annotations-2.9.8.jar;D:\apache-maven-3.6.1\jars\org\glassfish\jersey\inject\jersey-hk2\2.28\jersey-hk2-2.28.jar;D:\apache-maven-3.6.1\jars\org\glassfish\hk2\hk2-locator\2.5.0\hk2-locator-2.5.0.jar;D:\apache-maven-3.6.1\jars\org\glassfish\hk2\external\aopalliance-repackaged\2.5.0\aopalliance-repackaged-2.5.0.jar;D:\apache-maven-3.6.1\jars\org\glassfish\hk2\hk2-api\2.5.0\hk2-api-2.5.0.jar;D:\apache-maven-3.6.1\jars\org\glassfish\hk2\hk2-utils\2.5.0\hk2-utils-2.5.0.jar;D:\apache-maven-3.6.1\jars\org\javassist\javassist\3.22.0-CR2\javassist-3.22.0-CR2.jar;D:\apache-maven-3.6.1\jars\org\glassfish\jersey\core\jersey-common\2.28\jersey-common-2.28.jar;D:\apache-maven-3.6.1\jars\jakarta\annotation\jakarta.annotation-api\1.3.4\jakarta.annotation-api-1.3.4.jar;D:\apache-maven-3.6.1\jars\org\glassfish\hk2\osgi-resource-locator\1.0.1\osgi-resource-locator-1.0.1.jar;D:\apache-maven-3.6.1\jars\org\glassfish\jersey\media\jersey-media-multipart\2.28\jersey-media-multipart-2.28.jar;D:\apache-maven-3.6.1\jars\org\jvnet\mimepull\mimepull\1.9.11\mimepull-1.9.11.jar;D:\apache-maven-3.6.1\jars\org\apache\nifi\nifi-expression-language\1.13.2\nifi-expression-language-1.13.2.jar;D:\apache-maven-3.6.1\jars\org\antlr\antlr-runtime\3.5.2\antlr-runtime-3.5.2.jar;D:\apache-maven-3.6.1\jars\org\apache\nifi\nifi-uuid5\1.13.2\nifi-uuid5-1.13.2.jar;D:\apache-maven-3.6.1\jars\com\jayway\jsonpath\json-path\2.4.0\json-path-2.4.0.jar;D:\apache-maven-3.6.1\jars\net\minidev\json-smart\2.3\json-smart-2.3.jar;D:\apache-maven-3.6.1\jars\net\minidev\accessors-smart\1.2\accessors-smart-1.2.jar;D:\apache-maven-3.6.1\jars\org\ow2\asm\asm\5.0.4\asm-5.0.4.jar;D:\apache-maven-3.6.1\jars\org\apache\commons\commons-text\1.8\commons-text-1.8.jar;D:\apache-maven-3.6.1\jars\org\apache\nifi\nifi-data-provenance-utils\1.13.2\nifi-data-provenance-utils-1.13.2.jar;D:\apache-maven-3.6.1\jars\org\apache\nifi\nifi-properties-loader\1.13.2\nifi-properties-loader-1.13.2.jar;D:\apache-maven-3.6.1\jars\commons-io\commons-io\2.6\commons-io-2.6.jar;D:\apache-maven-3.6.1\jars\junit\junit\4.13\junit-4.13.jar;D:\apache-maven-3.6.1\jars\org\hamcrest\hamcrest-core\1.3\hamcrest-core-1.3.jar;D:\apache-maven-3.6.1\jars\cn\hutool\hutool-all\5.6.3\hutool-all-5.6.3.jar;D:\apache-maven-3.6.1\jars\org\mockito\mockito-core\2.28.2\mockito-core-2.28.2.jar;D:\apache-maven-3.6.1\jars\net\bytebuddy\byte-buddy\1.9.10\byte-buddy-1.9.10.jar;D:\apache-maven-3.6.1\jars\net\bytebuddy\byte-buddy-agent\1.9.10\byte-buddy-agent-1.9.10.jar;D:\apache-maven-3.6.1\jars\org\objenesis\objenesis\2.6\objenesis-2.6.jar;D:\apache-maven-3.6.1\jars\org\slf4j\slf4j-simple\1.7.30\slf4j-simple-1.7.30.jar;D:\apache-maven-3.6.1\jars\org\slf4j\slf4j-api\1.7.30\slf4j-api-1.7.30.jar;D:\apache-maven-3.6.1\jars\org\codehaus\groovy\groovy-test\2.5.4\groovy-test-2.5.4.jar;D:\apache-maven-3.6.1\jars\org\codehaus\groovy\groovy\2.5.4\groovy-2.5.4.jar;"/>
    <property name="java.vm.vendor" value="Oracle Corporation"/>
    <property name="sun.arch.data.model" value="64"/>
    <property name="user.variant" value=""/>
    <property name="java.vendor.url" value="http://java.oracle.com/"/>
    <property name="user.timezone" value="Asia/Shanghai"/>
    <property name="java.vm.specification.version" value="1.8"/>
    <property name="os.name" value="Windows 10"/>
    <property name="user.country" value="CN"/>
    <property name="sun.java.launcher" value="SUN_STANDARD"/>
    <property name="sun.boot.library.path" value="C:\Program Files\Java\jdk1.8.0_161\jre\bin"/>
    <property name="sun.java.command" value="C:\Users\DeepBlue\AppData\Local\Temp\surefire515835761608340624\surefirebooter7914735175834857943.jar C:\Users\DeepBlue\AppData\Local\Temp\surefire515835761608340624 2021-05-22T12-13-56_214-jvmRun1 surefire5200491158550200000tmp surefire_07996920069398391561tmp"/>
    <property name="surefire.test.class.path" value="E:\Apache-Nifi\nifi-JsonProcessor-bundle\gcc-nifi-JsonProcessor-processors\target\test-classes;E:\Apache-Nifi\nifi-JsonProcessor-bundle\gcc-nifi-JsonProcessor-processors\target\classes;D:\apache-maven-3.6.1\jars\org\apache\nifi\nifi-api\1.13.2\nifi-api-1.13.2.jar;D:\apache-maven-3.6.1\jars\org\apache\nifi\nifi-processor-utils\1.13.2\nifi-processor-utils-1.13.2.jar;D:\apache-maven-3.6.1\jars\org\apache\nifi\nifi-utils\1.13.2\nifi-utils-1.13.2.jar;D:\apache-maven-3.6.1\jars\org\apache\nifi\nifi-security-utils\1.13.2\nifi-security-utils-1.13.2.jar;D:\apache-maven-3.6.1\jars\org\apache\nifi\nifi-security-utils-api\1.13.2\nifi-security-utils-api-1.13.2.jar;D:\apache-maven-3.6.1\jars\org\apache\commons\commons-lang3\3.9\commons-lang3-3.9.jar;D:\apache-maven-3.6.1\jars\commons-codec\commons-codec\1.14\commons-codec-1.14.jar;D:\apache-maven-3.6.1\jars\org\bouncycastle\bcprov-jdk15on\1.68\bcprov-jdk15on-1.68.jar;D:\apache-maven-3.6.1\jars\org\bouncycastle\bcpkix-jdk15on\1.68\bcpkix-jdk15on-1.68.jar;D:\apache-maven-3.6.1\jars\org\apache\nifi\nifi-properties\1.13.2\nifi-properties-1.13.2.jar;D:\apache-maven-3.6.1\jars\at\favre\lib\bcrypt\0.9.0\bcrypt-0.9.0.jar;D:\apache-maven-3.6.1\jars\at\favre\lib\bytes\1.3.0\bytes-1.3.0.jar;D:\apache-maven-3.6.1\jars\org\apache\commons\commons-configuration2\2.7\commons-configuration2-2.7.jar;D:\apache-maven-3.6.1\jars\com\fasterxml\jackson\core\jackson-databind\2.9.10.8\jackson-databind-2.9.10.8.jar;D:\apache-maven-3.6.1\jars\com\fasterxml\jackson\core\jackson-annotations\2.9.10\jackson-annotations-2.9.10.jar;D:\apache-maven-3.6.1\jars\com\fasterxml\jackson\core\jackson-core\2.9.10\jackson-core-2.9.10.jar;D:\apache-maven-3.6.1\jars\org\apache\nifi\nifi-record-serialization-service-api\1.13.2\nifi-record-serialization-service-api-1.13.2.jar;D:\apache-maven-3.6.1\jars\org\apache\nifi\nifi-record\1.13.2\nifi-record-1.13.2.jar;D:\apache-maven-3.6.1\jars\org\apache\nifi\nifi-mock\1.13.2\nifi-mock-1.13.2.jar;D:\apache-maven-3.6.1\jars\org\apache\nifi\nifi-framework-api\1.13.2\nifi-framework-api-1.13.2.jar;D:\apache-maven-3.6.1\jars\org\apache\nifi\nifi-parameter\1.13.2\nifi-parameter-1.13.2.jar;D:\apache-maven-3.6.1\jars\org\apache\nifi\nifi-framework-core-api\1.13.2\nifi-framework-core-api-1.13.2.jar;D:\apache-maven-3.6.1\jars\org\apache\nifi\nifi-framework-nar-utils\1.13.2\nifi-framework-nar-utils-1.13.2.jar;D:\apache-maven-3.6.1\jars\org\apache\nifi\nifi-client-dto\1.13.2\nifi-client-dto-1.13.2.jar;D:\apache-maven-3.6.1\jars\io\swagger\swagger-annotations\1.6.0\swagger-annotations-1.6.0.jar;D:\apache-maven-3.6.1\jars\org\apache\nifi\nifi-site-to-site-client\1.13.2\nifi-site-to-site-client-1.13.2.jar;D:\apache-maven-3.6.1\jars\org\apache\httpcomponents\httpclient\4.5.5\httpclient-4.5.5.jar;D:\apache-maven-3.6.1\jars\org\apache\httpcomponents\httpcore\4.4.9\httpcore-4.4.9.jar;D:\apache-maven-3.6.1\jars\org\apache\httpcomponents\httpasyncclient\4.1.4\httpasyncclient-4.1.4.jar;D:\apache-maven-3.6.1\jars\org\apache\httpcomponents\httpcore-nio\4.4.10\httpcore-nio-4.4.10.jar;D:\apache-maven-3.6.1\jars\org\apache\nifi\nifi-framework-authorization\1.13.2\nifi-framework-authorization-1.13.2.jar;D:\apache-maven-3.6.1\jars\org\apache\nifi\registry\nifi-registry-data-model\0.8.0\nifi-registry-data-model-0.8.0.jar;D:\apache-maven-3.6.1\jars\javax\validation\validation-api\2.0.1.Final\validation-api-2.0.1.Final.jar;D:\apache-maven-3.6.1\jars\javax\ws\rs\javax.ws.rs-api\2.1\javax.ws.rs-api-2.1.jar;D:\apache-maven-3.6.1\jars\org\apache\nifi\registry\nifi-registry-revision-entity-model\0.8.0\nifi-registry-revision-entity-model-0.8.0.jar;D:\apache-maven-3.6.1\jars\org\apache\nifi\registry\nifi-registry-client\0.8.0\nifi-registry-client-0.8.0.jar;D:\apache-maven-3.6.1\jars\org\apache\nifi\registry\nifi-registry-security-utils\0.8.0\nifi-registry-security-utils-0.8.0.jar;D:\apache-maven-3.6.1\jars\org\glassfish\jersey\core\jersey-client\2.28\jersey-client-2.28.jar;D:\apache-maven-3.6.1\jars\jakarta\ws\rs\jakarta.ws.rs-api\2.1.5\jakarta.ws.rs-api-2.1.5.jar;D:\apache-maven-3.6.1\jars\org\glassfish\hk2\external\jakarta.inject\2.5.0\jakarta.inject-2.5.0.jar;D:\apache-maven-3.6.1\jars\org\glassfish\jersey\media\jersey-media-json-jackson\2.28\jersey-media-json-jackson-2.28.jar;D:\apache-maven-3.6.1\jars\org\glassfish\jersey\ext\jersey-entity-filtering\2.28\jersey-entity-filtering-2.28.jar;D:\apache-maven-3.6.1\jars\com\fasterxml\jackson\module\jackson-module-jaxb-annotations\2.9.8\jackson-module-jaxb-annotations-2.9.8.jar;D:\apache-maven-3.6.1\jars\org\glassfish\jersey\inject\jersey-hk2\2.28\jersey-hk2-2.28.jar;D:\apache-maven-3.6.1\jars\org\glassfish\hk2\hk2-locator\2.5.0\hk2-locator-2.5.0.jar;D:\apache-maven-3.6.1\jars\org\glassfish\hk2\external\aopalliance-repackaged\2.5.0\aopalliance-repackaged-2.5.0.jar;D:\apache-maven-3.6.1\jars\org\glassfish\hk2\hk2-api\2.5.0\hk2-api-2.5.0.jar;D:\apache-maven-3.6.1\jars\org\glassfish\hk2\hk2-utils\2.5.0\hk2-utils-2.5.0.jar;D:\apache-maven-3.6.1\jars\org\javassist\javassist\3.22.0-CR2\javassist-3.22.0-CR2.jar;D:\apache-maven-3.6.1\jars\org\glassfish\jersey\core\jersey-common\2.28\jersey-common-2.28.jar;D:\apache-maven-3.6.1\jars\jakarta\annotation\jakarta.annotation-api\1.3.4\jakarta.annotation-api-1.3.4.jar;D:\apache-maven-3.6.1\jars\org\glassfish\hk2\osgi-resource-locator\1.0.1\osgi-resource-locator-1.0.1.jar;D:\apache-maven-3.6.1\jars\org\glassfish\jersey\media\jersey-media-multipart\2.28\jersey-media-multipart-2.28.jar;D:\apache-maven-3.6.1\jars\org\jvnet\mimepull\mimepull\1.9.11\mimepull-1.9.11.jar;D:\apache-maven-3.6.1\jars\org\apache\nifi\nifi-expression-language\1.13.2\nifi-expression-language-1.13.2.jar;D:\apache-maven-3.6.1\jars\org\antlr\antlr-runtime\3.5.2\antlr-runtime-3.5.2.jar;D:\apache-maven-3.6.1\jars\org\apache\nifi\nifi-uuid5\1.13.2\nifi-uuid5-1.13.2.jar;D:\apache-maven-3.6.1\jars\com\jayway\jsonpath\json-path\2.4.0\json-path-2.4.0.jar;D:\apache-maven-3.6.1\jars\net\minidev\json-smart\2.3\json-smart-2.3.jar;D:\apache-maven-3.6.1\jars\net\minidev\accessors-smart\1.2\accessors-smart-1.2.jar;D:\apache-maven-3.6.1\jars\org\ow2\asm\asm\5.0.4\asm-5.0.4.jar;D:\apache-maven-3.6.1\jars\org\apache\commons\commons-text\1.8\commons-text-1.8.jar;D:\apache-maven-3.6.1\jars\org\apache\nifi\nifi-data-provenance-utils\1.13.2\nifi-data-provenance-utils-1.13.2.jar;D:\apache-maven-3.6.1\jars\org\apache\nifi\nifi-properties-loader\1.13.2\nifi-properties-loader-1.13.2.jar;D:\apache-maven-3.6.1\jars\commons-io\commons-io\2.6\commons-io-2.6.jar;D:\apache-maven-3.6.1\jars\junit\junit\4.13\junit-4.13.jar;D:\apache-maven-3.6.1\jars\org\hamcrest\hamcrest-core\1.3\hamcrest-core-1.3.jar;D:\apache-maven-3.6.1\jars\cn\hutool\hutool-all\5.6.3\hutool-all-5.6.3.jar;D:\apache-maven-3.6.1\jars\org\mockito\mockito-core\2.28.2\mockito-core-2.28.2.jar;D:\apache-maven-3.6.1\jars\net\bytebuddy\byte-buddy\1.9.10\byte-buddy-1.9.10.jar;D:\apache-maven-3.6.1\jars\net\bytebuddy\byte-buddy-agent\1.9.10\byte-buddy-agent-1.9.10.jar;D:\apache-maven-3.6.1\jars\org\objenesis\objenesis\2.6\objenesis-2.6.jar;D:\apache-maven-3.6.1\jars\org\slf4j\slf4j-simple\1.7.30\slf4j-simple-1.7.30.jar;D:\apache-maven-3.6.1\jars\org\slf4j\slf4j-api\1.7.30\slf4j-api-1.7.30.jar;D:\apache-maven-3.6.1\jars\org\codehaus\groovy\groovy-test\2.5.4\groovy-test-2.5.4.jar;D:\apache-maven-3.6.1\jars\org\codehaus\groovy\groovy\2.5.4\groovy-2.5.4.jar;"/>
    <property name="sun.cpu.endian" value="little"/>
    <property name="user.home" value="C:\Users\DeepBlue"/>
    <property name="user.language" value="zh"/>
    <property name="java.specification.vendor" value="Oracle Corporation"/>
    <property name="java.home" value="C:\Program Files\Java\jdk1.8.0_161\jre"/>
    <property name="basedir" value="E:\Apache-Nifi\nifi-JsonProcessor-bundle\gcc-nifi-JsonProcessor-processors"/>
    <property name="file.separator" value="\"/>
    <property name="line.separator" value="&#10;"/>
    <property name="java.vm.specification.vendor" value="Oracle Corporation"/>
    <property name="java.specification.name" value="Java Platform API Specification"/>
    <property name="java.awt.graphicsenv" value="sun.awt.Win32GraphicsEnvironment"/>
    <property name="java.awt.headless" value="true"/>
    <property name="surefire.real.class.path" value="C:\Users\DeepBlue\AppData\Local\Temp\surefire515835761608340624\surefirebooter7914735175834857943.jar"/>
    <property name="sun.boot.class.path" value="C:\Program Files\Java\jdk1.8.0_161\jre\lib\resources.jar;C:\Program Files\Java\jdk1.8.0_161\jre\lib\rt.jar;C:\Program Files\Java\jdk1.8.0_161\jre\lib\sunrsasign.jar;C:\Program Files\Java\jdk1.8.0_161\jre\lib\jsse.jar;C:\Program Files\Java\jdk1.8.0_161\jre\lib\jce.jar;C:\Program Files\Java\jdk1.8.0_161\jre\lib\charsets.jar;C:\Program Files\Java\jdk1.8.0_161\jre\lib\jfr.jar;C:\Program Files\Java\jdk1.8.0_161\jre\classes"/>
    <property name="user.script" value=""/>
    <property name="sun.management.compiler" value="HotSpot 64-Bit Tiered Compilers"/>
    <property name="java.runtime.version" value="1.8.0_161-b12"/>
    <property name="java.net.preferIPv4Stack" value="true"/>
    <property name="user.name" value="DeepBlue"/>
    <property name="path.separator" value=";"/>
    <property name="os.version" value="10.0"/>
    <property name="java.endorsed.dirs" value="C:\Program Files\Java\jdk1.8.0_161\jre\lib\endorsed"/>
    <property name="java.runtime.name" value="Java(TM) SE Runtime Environment"/>
    <property name="file.encoding" value="UTF-8"/>
    <property name="java.vm.name" value="Java HotSpot(TM) 64-Bit Server VM"/>
    <property name="localRepository" value="D:\apache-maven-3.6.1\jars"/>
    <property name="java.vendor.url.bug" value="http://bugreport.sun.com/bugreport/"/>
    <property name="java.io.tmpdir" value="C:\Users\DeepBlue\AppData\Local\Temp\"/>
    <property name="java.version" value="1.8.0_161"/>
    <property name="user.dir" value="E:\Apache-Nifi\nifi-JsonProcessor-bundle\gcc-nifi-JsonProcessor-processors"/>
    <property name="os.arch" value="amd64"/>
    <property name="java.vm.specification.name" value="Java Virtual Machine Specification"/>
    <property name="java.awt.printerjob" value="sun.awt.windows.WPrinterJob"/>
    <property name="sun.os.patch.level" value=""/>
    <property name="idea.version2019.3.3" value="true"/>
    <property name="java.library.path" value="C:\Program Files\Java\jdk1.8.0_161\jre\bin;C:\WINDOWS\Sun\Java\bin;C:\WINDOWS\system32;C:\WINDOWS;D:\Xftp\;D:\Xshell\;C:\Windows\system32;C:\Windows;C:\Windows\System32\Wbem;C:\Windows\System32\WindowsPowerShell\v1.0\;C:\Windows\System32\OpenSSH\;C:\Program Files (x86)\NVIDIA Corporation\PhysX\Common;C:\Program Files\NVIDIA Corporation\NVIDIA NvDLISR;C:\Program Files\Java\jdk1.8.0_161\bin;C:\Program Files\Java\jdk1.8.0_161\jre\bin;D:\apache-maven-3.6.1\bin;C:\Program Files\MySQL\MySQL Server 5.5\bin;D:\Git\cmd;C:\WINDOWS\system32;C:\WINDOWS;C:\WINDOWS\System32\Wbem;C:\WINDOWS\System32\WindowsPowerShell\v1.0\;C:\WINDOWS\System32\OpenSSH\;C:\Users\DeepBlue\AppData\Local\Programs\Python\Python37\Scripts\;C:\Users\DeepBlue\AppData\Local\Programs\Python\Python37\;C:\Users\DeepBlue\AppData\Local\Microsoft\WindowsApps;;."/>
    <property name="java.vm.info" value="mixed mode"/>
    <property name="java.vendor" value="Oracle Corporation"/>
    <property name="java.vm.version" value="25.161-b12"/>
    <property name="java.ext.dirs" value="C:\Program Files\Java\jdk1.8.0_161\jre\lib\ext;C:\WINDOWS\Sun\Java\lib\ext"/>
    <property name="sun.io.unicode.encoding" value="UnicodeLittle"/>
    <property name="maven.repo.local" value="D:\apache-maven-3.6.1\jars"/>
    <property name="java.class.version" value="52.0"/>
  </properties>
  <testcase name="testProcessor" classname="org.apache.nifi.processors.WriteResourceToStreamTest" time="0.008">
    <error message="org/apache/nifi/processors/WriteResourceToStream" type="java.lang.NoClassDefFoundError">java.lang.NoClassDefFoundError: org/apache/nifi/processors/WriteResourceToStream
	at org.apache.nifi.processors.WriteResourceToStreamTest.init(WriteResourceToStreamTest.java:32)
Caused by: java.lang.ClassNotFoundException: org.apache.nifi.processors.WriteResourceToStream
	at org.apache.nifi.processors.WriteResourceToStreamTest.init(WriteResourceToStreamTest.java:32)
</error>
  </testcase>
</testsuite>